
*** Running vivado
    with args -log b.vds -m64 -mode batch -messageDb vivado.pb -notrace -source b.tcl

WARNING: Default location for XILINX_VIVADO_HLS not found: 

****** Vivado v2015.2 (64-bit)
  **** SW Build 1266856 on Fri Jun 26 16:35:25 MDT 2015
  **** IP Build 1264090 on Wed Jun 24 14:22:01 MDT 2015
    ** Copyright 1986-2015 Xilinx, Inc. All Rights Reserved.

source b.tcl -notrace
Command: synth_design -top b -part xc7a100tcsg324-1
Starting synth_design
Attempting to get a license for feature 'Synthesis' and/or device 'xc7a100t'
INFO: [Common 17-349] Got license for feature 'Synthesis' and/or device 'xc7a100t'
WARNING: [Synth 8-2611] redeclaration of ansi port q is not allowed [/home/orithu/桌面/THIRD/b/b_2.srcs/sources_1/new/b.v:45]
---------------------------------------------------------------------------------
Starting RTL Elaboration : Time (s): cpu = 00:00:05 ; elapsed = 00:00:06 . Memory (MB): peak = 932.617 ; gain = 149.551 ; free physical = 563 ; free virtual = 3346
---------------------------------------------------------------------------------
INFO: [Synth 8-638] synthesizing module 'b' [/home/orithu/桌面/THIRD/b/b_2.srcs/sources_1/new/b.v:23]
INFO: [Synth 8-638] synthesizing module 'jk' [/home/orithu/桌面/THIRD/b/b_2.srcs/sources_1/new/b.v:44]
INFO: [Synth 8-256] done synthesizing module 'jk' (1#1) [/home/orithu/桌面/THIRD/b/b_2.srcs/sources_1/new/b.v:44]
INFO: [Synth 8-256] done synthesizing module 'b' (2#1) [/home/orithu/桌面/THIRD/b/b_2.srcs/sources_1/new/b.v:23]
---------------------------------------------------------------------------------
Finished RTL Elaboration : Time (s): cpu = 00:00:05 ; elapsed = 00:00:07 . Memory (MB): peak = 953.867 ; gain = 170.801 ; free physical = 541 ; free virtual = 3325
---------------------------------------------------------------------------------

Report Check Netlist: 
+------+------------------+-------+---------+-------+------------------+
|      |Item              |Errors |Warnings |Status |Description       |
+------+------------------+-------+---------+-------+------------------+
|1     |multi_driven_nets |      0|        0|Passed |Multi driven nets |
+------+------------------+-------+---------+-------+------------------+
---------------------------------------------------------------------------------
Finished RTL Optimization Phase 1 : Time (s): cpu = 00:00:05 ; elapsed = 00:00:07 . Memory (MB): peak = 953.867 ; gain = 170.801 ; free physical = 540 ; free virtual = 3325
---------------------------------------------------------------------------------
INFO: [Device 21-403] Loading part xc7a100tcsg324-1
INFO: [Project 1-570] Preparing netlist for logic optimization

Processing XDC Constraints
Initializing timing engine
Parsing XDC File [/home/orithu/桌面/THIRD/b/b_2.srcs/constrs_1/new/b_con.xdc]
WARNING: [Vivado 12-584] No ports matched 'x'. [/home/orithu/桌面/THIRD/b/b_2.srcs/constrs_1/new/b_con.xdc:5]
CRITICAL WARNING: [Common 17-55] 'set_property' expects at least one object. [/home/orithu/桌面/THIRD/b/b_2.srcs/constrs_1/new/b_con.xdc:5]
Resolution: If [get_<value>] was used to populate the object, check to make sure this command returns at least one valid object.
WARNING: [Vivado 12-584] No ports matched 'x'. [/home/orithu/桌面/THIRD/b/b_2.srcs/constrs_1/new/b_con.xdc:6]
CRITICAL WARNING: [Common 17-55] 'set_property' expects at least one object. [/home/orithu/桌面/THIRD/b/b_2.srcs/constrs_1/new/b_con.xdc:6]
Resolution: If [get_<value>] was used to populate the object, check to make sure this command returns at least one valid object.
WARNING: [Vivado 12-507] No nets matched 'x_IBUF'. [/home/orithu/桌面/THIRD/b/b_2.srcs/constrs_1/new/b_con.xdc:7]
CRITICAL WARNING: [Common 17-55] 'set_property' expects at least one object. [/home/orithu/桌面/THIRD/b/b_2.srcs/constrs_1/new/b_con.xdc:7]
Resolution: If [get_<value>] was used to populate the object, check to make sure this command returns at least one valid object.
WARNING: [Vivado 12-584] No ports matched 'z'. [/home/orithu/桌面/THIRD/b/b_2.srcs/constrs_1/new/b_con.xdc:12]
CRITICAL WARNING: [Common 17-55] 'set_property' expects at least one object. [/home/orithu/桌面/THIRD/b/b_2.srcs/constrs_1/new/b_con.xdc:12]
Resolution: If [get_<value>] was used to populate the object, check to make sure this command returns at least one valid object.
WARNING: [Vivado 12-584] No ports matched 'z'. [/home/orithu/桌面/THIRD/b/b_2.srcs/constrs_1/new/b_con.xdc:13]
CRITICAL WARNING: [Common 17-55] 'set_property' expects at least one object. [/home/orithu/桌面/THIRD/b/b_2.srcs/constrs_1/new/b_con.xdc:13]
Resolution: If [get_<value>] was used to populate the object, check to make sure this command returns at least one valid object.
Finished Parsing XDC File [/home/orithu/桌面/THIRD/b/b_2.srcs/constrs_1/new/b_con.xdc]
Completed Processing XDC Constraints

INFO: [Project 1-111] Unisim Transformation Summary:
No Unisim elements were transformed.

Constraint Validation Runtime : Time (s): cpu = 00:00:00 ; elapsed = 00:00:00 . Memory (MB): peak = 1253.383 ; gain = 0.000 ; free physical = 323 ; free virtual = 3143
---------------------------------------------------------------------------------
Finished Constraint Validation : Time (s): cpu = 00:00:12 ; elapsed = 00:00:15 . Memory (MB): peak = 1253.383 ; gain = 470.316 ; free physical = 323 ; free virtual = 3143
---------------------------------------------------------------------------------
---------------------------------------------------------------------------------
Start Loading Part and Timing Information
---------------------------------------------------------------------------------
Loading part: xc7a100tcsg324-1
---------------------------------------------------------------------------------
Finished Loading Part and Timing Information : Time (s): cpu = 00:00:12 ; elapsed = 00:00:15 . Memory (MB): peak = 1253.383 ; gain = 470.316 ; free physical = 323 ; free virtual = 3142
---------------------------------------------------------------------------------
---------------------------------------------------------------------------------
Start Applying 'set_property' XDC Constraints
---------------------------------------------------------------------------------
---------------------------------------------------------------------------------
Finished applying 'set_property' XDC Constraints : Time (s): cpu = 00:00:12 ; elapsed = 00:00:15 . Memory (MB): peak = 1253.383 ; gain = 470.316 ; free physical = 323 ; free virtual = 3142
---------------------------------------------------------------------------------
---------------------------------------------------------------------------------
Finished RTL Optimization Phase 2 : Time (s): cpu = 00:00:12 ; elapsed = 00:00:15 . Memory (MB): peak = 1253.383 ; gain = 470.316 ; free physical = 315 ; free virtual = 3135
---------------------------------------------------------------------------------

Report RTL Partitions: 
+-+--------------+------------+----------+
| |RTL Partition |Replication |Instances |
+-+--------------+------------+----------+
+-+--------------+------------+----------+
---------------------------------------------------------------------------------
Start RTL Component Statistics 
---------------------------------------------------------------------------------
Detailed RTL Component Info : 
+---Muxes : 
	   4 Input      1 Bit        Muxes := 8     
---------------------------------------------------------------------------------
Finished RTL Component Statistics 
---------------------------------------------------------------------------------
---------------------------------------------------------------------------------
Start RTL Hierarchical Component Statistics 
---------------------------------------------------------------------------------
Hierarchical RTL Component report 
Module jk 
Detailed RTL Component Info : 
+---Muxes : 
	   4 Input      1 Bit        Muxes := 2     
---------------------------------------------------------------------------------
Finished RTL Hierarchical Component Statistics
---------------------------------------------------------------------------------
---------------------------------------------------------------------------------
Start Part Resource Summary
---------------------------------------------------------------------------------
Part Resources:
DSPs: 240 (col length:80)
BRAMs: 270 (col length: RAMB18 80 RAMB36 40)
---------------------------------------------------------------------------------
Finished Part Resource Summary
---------------------------------------------------------------------------------
Start Parallel Synthesis Optimization  : Time (s): cpu = 00:00:12 ; elapsed = 00:00:16 . Memory (MB): peak = 1253.383 ; gain = 470.316 ; free physical = 315 ; free virtual = 3135
---------------------------------------------------------------------------------
Start Cross Boundary Optimization
---------------------------------------------------------------------------------
---------------------------------------------------------------------------------
Finished Cross Boundary Optimization : Time (s): cpu = 00:00:12 ; elapsed = 00:00:16 . Memory (MB): peak = 1253.383 ; gain = 470.316 ; free physical = 307 ; free virtual = 3127
---------------------------------------------------------------------------------
Finished Parallel Reinference  : Time (s): cpu = 00:00:12 ; elapsed = 00:00:16 . Memory (MB): peak = 1253.383 ; gain = 470.316 ; free physical = 307 ; free virtual = 3127

Report RTL Partitions: 
+-+--------------+------------+----------+
| |RTL Partition |Replication |Instances |
+-+--------------+------------+----------+
+-+--------------+------------+----------+
---------------------------------------------------------------------------------
Start Area Optimization
---------------------------------------------------------------------------------
---------------------------------------------------------------------------------
Finished Area Optimization : Time (s): cpu = 00:00:12 ; elapsed = 00:00:16 . Memory (MB): peak = 1253.383 ; gain = 470.316 ; free physical = 298 ; free virtual = 3119
---------------------------------------------------------------------------------
Finished Parallel Area Optimization  : Time (s): cpu = 00:00:12 ; elapsed = 00:00:16 . Memory (MB): peak = 1253.383 ; gain = 470.316 ; free physical = 298 ; free virtual = 3119

Report RTL Partitions: 
+-+--------------+------------+----------+
| |RTL Partition |Replication |Instances |
+-+--------------+------------+----------+
+-+--------------+------------+----------+
Finished Parallel Synthesis Optimization  : Time (s): cpu = 00:00:12 ; elapsed = 00:00:16 . Memory (MB): peak = 1253.383 ; gain = 470.316 ; free physical = 298 ; free virtual = 3119
---------------------------------------------------------------------------------
Start Timing Optimization
---------------------------------------------------------------------------------
---------------------------------------------------------------------------------
Start Applying XDC Timing Constraints
---------------------------------------------------------------------------------
---------------------------------------------------------------------------------
Finished Applying XDC Timing Constraints : Time (s): cpu = 00:00:20 ; elapsed = 00:00:24 . Memory (MB): peak = 1253.383 ; gain = 470.316 ; free physical = 245 ; free virtual = 3073
---------------------------------------------------------------------------------
---------------------------------------------------------------------------------
Finished Timing Optimization : Time (s): cpu = 00:00:20 ; elapsed = 00:00:24 . Memory (MB): peak = 1253.383 ; gain = 470.316 ; free physical = 245 ; free virtual = 3073
---------------------------------------------------------------------------------

Report RTL Partitions: 
+-+--------------+------------+----------+
| |RTL Partition |Replication |Instances |
+-+--------------+------------+----------+
+-+--------------+------------+----------+
---------------------------------------------------------------------------------
Start Technology Mapping
---------------------------------------------------------------------------------
---------------------------------------------------------------------------------
Finished Technology Mapping : Time (s): cpu = 00:00:20 ; elapsed = 00:00:24 . Memory (MB): peak = 1261.391 ; gain = 478.324 ; free physical = 228 ; free virtual = 3056
---------------------------------------------------------------------------------

Report RTL Partitions: 
+-+--------------+------------+----------+
| |RTL Partition |Replication |Instances |
+-+--------------+------------+----------+
+-+--------------+------------+----------+
---------------------------------------------------------------------------------
Start IO Insertion
---------------------------------------------------------------------------------
---------------------------------------------------------------------------------
Start Final Netlist Cleanup
---------------------------------------------------------------------------------
---------------------------------------------------------------------------------
Finished Final Netlist Cleanup
---------------------------------------------------------------------------------
---------------------------------------------------------------------------------
Finished IO Insertion : Time (s): cpu = 00:00:20 ; elapsed = 00:00:24 . Memory (MB): peak = 1261.391 ; gain = 478.324 ; free physical = 228 ; free virtual = 3056
---------------------------------------------------------------------------------

Report Check Netlist: 
+------+------------------+-------+---------+-------+------------------+
|      |Item              |Errors |Warnings |Status |Description       |
+------+------------------+-------+---------+-------+------------------+
|1     |multi_driven_nets |      0|        0|Passed |Multi driven nets |
+------+------------------+-------+---------+-------+------------------+
---------------------------------------------------------------------------------
Start Renaming Generated Instances
---------------------------------------------------------------------------------
---------------------------------------------------------------------------------
Finished Renaming Generated Instances : Time (s): cpu = 00:00:20 ; elapsed = 00:00:24 . Memory (MB): peak = 1261.391 ; gain = 478.324 ; free physical = 228 ; free virtual = 3056
---------------------------------------------------------------------------------

Report RTL Partitions: 
+-+--------------+------------+----------+
| |RTL Partition |Replication |Instances |
+-+--------------+------------+----------+
+-+--------------+------------+----------+
---------------------------------------------------------------------------------
Start Rebuilding User Hierarchy
---------------------------------------------------------------------------------
---------------------------------------------------------------------------------
Finished Rebuilding User Hierarchy : Time (s): cpu = 00:00:20 ; elapsed = 00:00:24 . Memory (MB): peak = 1261.391 ; gain = 478.324 ; free physical = 228 ; free virtual = 3056
---------------------------------------------------------------------------------
---------------------------------------------------------------------------------
Start Renaming Generated Ports : Time (s): cpu = 00:00:20 ; elapsed = 00:00:24 . Memory (MB): peak = 1261.391 ; gain = 478.324 ; free physical = 228 ; free virtual = 3056
---------------------------------------------------------------------------------
---------------------------------------------------------------------------------
Finished Renaming Generated Ports : Time (s): cpu = 00:00:20 ; elapsed = 00:00:24 . Memory (MB): peak = 1261.391 ; gain = 478.324 ; free physical = 228 ; free virtual = 3056
---------------------------------------------------------------------------------
---------------------------------------------------------------------------------
Start Writing Synthesis Report
---------------------------------------------------------------------------------

Report BlackBoxes: 
+-+--------------+----------+
| |BlackBox name |Instances |
+-+--------------+----------+
+-+--------------+----------+

Report Cell Usage: 
+------+-----+------+
|      |Cell |Count |
+------+-----+------+
|1     |BUFG |     1|
|2     |LUT1 |     6|
|3     |LUT2 |     1|
|4     |LUT3 |     2|
|5     |FDRE |     4|
|6     |IBUF |     1|
|7     |OBUF |     5|
+------+-----+------+

Report Instance Areas: 
+------+---------+-------+------+
|      |Instance |Module |Cells |
+------+---------+-------+------+
|1     |top      |       |    20|
|2     |  uut1   |jk     |     3|
|3     |  uut2   |jk_0   |     3|
|4     |  uut3   |jk_1   |     3|
|5     |  uut4   |jk_2   |     4|
+------+---------+-------+------+
---------------------------------------------------------------------------------
Finished Writing Synthesis Report : Time (s): cpu = 00:00:20 ; elapsed = 00:00:24 . Memory (MB): peak = 1261.391 ; gain = 478.324 ; free physical = 227 ; free virtual = 3055
---------------------------------------------------------------------------------
Synthesis finished with 0 errors, 0 critical warnings and 0 warnings.
Synthesis Optimization Runtime : Time (s): cpu = 00:00:14 ; elapsed = 00:00:16 . Memory (MB): peak = 1261.391 ; gain = 62.289 ; free physical = 226 ; free virtual = 3054
Synthesis Optimization Complete : Time (s): cpu = 00:00:21 ; elapsed = 00:00:24 . Memory (MB): peak = 1261.391 ; gain = 478.324 ; free physical = 226 ; free virtual = 3054
INFO: [Project 1-571] Translating synthesized netlist
INFO: [Netlist 29-17] Analyzing 1 Unisim elements for replacement
INFO: [Netlist 29-28] Unisim Transformation completed in 0 CPU seconds
INFO: [Project 1-570] Preparing netlist for logic optimization
INFO: [Opt 31-138] Pushed 4 inverter(s) to 4 load pin(s).
INFO: [Project 1-111] Unisim Transformation Summary:
No Unisim elements were transformed.

INFO: [Common 17-83] Releasing license: Synthesis
15 Infos, 6 Warnings, 5 Critical Warnings and 0 Errors encountered.
synth_design completed successfully
synth_design: Time (s): cpu = 00:00:20 ; elapsed = 00:00:23 . Memory (MB): peak = 1261.391 ; gain = 369.809 ; free physical = 224 ; free virtual = 3054
report_utilization: Time (s): cpu = 00:00:00.09 ; elapsed = 00:00:00.13 . Memory (MB): peak = 1293.406 ; gain = 0.000 ; free physical = 224 ; free virtual = 3054
INFO: [Common 17-206] Exiting Vivado at Sat Jun 16 12:20:46 2018...
