Vivado Simulator 2015.2
Copyright 1986-1999, 2001-2015 Xilinx, Inc. All Rights Reserved.
Running: /opt/Xilinx/Vivado/2015.2/bin/unwrapped/lnx64.o/xelab -wto aae68df426644152ad78aa577187a658 --debug typical --relax --mt 8 -L xil_defaultlib -L unisims_ver -L secureip --snapshot c_A_sim_func_impl xil_defaultlib.c_A_sim xil_defaultlib.glbl -log elaborate.log 
Using 8 slave threads.
Starting static elaboration
Completed static elaboration
Starting simulation data flow analysis
Completed simulation data flow analysis
Time Resolution for simulation is 1ps
Compiling module unisims_ver.OBUF
Compiling module unisims_ver.x_lut3_mux4
Compiling module unisims_ver.x_lut3_mux4_reduced_0
Compiling module unisims_ver.LUT3
Compiling module unisims_ver.latchsre_ldce
Compiling module unisims_ver.LDCE(INIT=1'b0)
Compiling module unisims_ver.LDCP
Compiling module unisims_ver.x_lut2_mux4
Compiling module unisims_ver.LUT2
Compiling module unisims_ver.LDCE
Compiling module unisims_ver.IBUF
Compiling module xil_defaultlib.c_A
Compiling module xil_defaultlib.c_A_sim
Compiling module xil_defaultlib.glbl
Built simulation snapshot c_A_sim_func_impl
