Vivado Simulator 2015.2
Copyright 1986-1999, 2001-2015 Xilinx, Inc. All Rights Reserved.
Running: /opt/Xilinx/Vivado/2015.2/bin/unwrapped/lnx64.o/xelab -wto bcdd3b5fdca84f018f484b9a752c60f9 --debug typical --relax --mt 8 --maxdelay -L xil_defaultlib -L simprims_ver -L secureip --snapshot a_b_sim_time_impl -transport_int_delays -pulse_r 0 -pulse_int_r 0 xil_defaultlib.a_b_sim xil_defaultlib.glbl -log elaborate.log 
Using 8 slave threads.
Starting static elaboration
Completed static elaboration
Starting simulation data flow analysis
Completed simulation data flow analysis
INFO: [XSIM 43-3451] SDF backannotation process started with SDF file "a_b_sim_time_impl.sdf", for root module "a_b_sim/uut".
INFO: [XSIM 43-3452] SDF backannotation was successful for SDF file "a_b_sim_time_impl.sdf", for root module "a_b_sim/uut".
Time Resolution for simulation is 1ps
Compiling module simprims_ver.sffsrce_fdre
Compiling module simprims_ver.FDRE(INIT=1'b1)
Compiling module simprims_ver.BUFG
Compiling module simprims_ver.IBUF
Compiling module simprims_ver.OBUF
Compiling module simprims_ver.FDRE
Compiling module simprims_ver.LUT6
Compiling module simprims_ver.LUT5
Compiling module simprims_ver.x_lut1_mux2
Compiling module simprims_ver.LUT1
Compiling module simprims_ver.x_lut3_mux4
Compiling module simprims_ver.x_lut3_mux4_reduced_0
Compiling module simprims_ver.LUT3
Compiling module simprims_ver.LUT4
Compiling module simprims_ver.x_lut2_mux4
Compiling module simprims_ver.LUT2
Compiling module simprims_ver.ffsrce_fdce
Compiling module simprims_ver.FDCE
Compiling module simprims_ver.ffsrce_fdpe
Compiling module simprims_ver.FDPE
Compiling module simprims_ver.latchsre_ldce
Compiling module simprims_ver.LDCE(INIT=1'b1,IS_G_INVERTED=1'b...
Compiling module simprims_ver.LDCE
Compiling module xil_defaultlib.a
Compiling module xil_defaultlib.a_b
Compiling module xil_defaultlib.a_b_sim
Compiling module xil_defaultlib.glbl
Built simulation snapshot a_b_sim_time_impl
