Vivado Simulator 2015.2
Copyright 1986-1999, 2001-2015 Xilinx, Inc. All Rights Reserved.
Running: /opt/Xilinx/Vivado/2015.2/bin/unwrapped/lnx64.o/xelab -wto 3db8eff9bd07474c8284556183f10542 --debug typical --relax --mt 8 -L xil_defaultlib -L unisims_ver -L secureip --snapshot a_sim_func_impl xil_defaultlib.a_sim xil_defaultlib.glbl -log elaborate.log 
Using 8 slave threads.
Starting static elaboration
Completed static elaboration
Starting simulation data flow analysis
Completed simulation data flow analysis
Time Resolution for simulation is 1ps
Compiling module unisims_ver.IBUF
Compiling module unisims_ver.BUFG
Compiling module unisims_ver.OBUF
Compiling module unisims_ver.LUT6
Compiling module unisims_ver.x_lut2_mux4
Compiling module unisims_ver.LUT2
Compiling module unisims_ver.ffsrce_fdpe
Compiling module unisims_ver.FDPE
Compiling module unisims_ver.x_lut1_mux2
Compiling module unisims_ver.LUT1
Compiling module unisims_ver.x_lut3_mux4
Compiling module unisims_ver.x_lut3_mux4_reduced_0
Compiling module unisims_ver.LUT3
Compiling module unisims_ver.LUT4
Compiling module unisims_ver.LUT5
Compiling module unisims_ver.ffsrce_fdce
Compiling module unisims_ver.FDCE
Compiling module unisims_ver.latchsre_ldce
Compiling module unisims_ver.LDCE
Compiling module xil_defaultlib.a
Compiling module xil_defaultlib.a_sim
Compiling module xil_defaultlib.glbl
Built simulation snapshot a_sim_func_impl
